I2025-07-26T12:17:06.515601:blink/blinkenlights.c:3487:52770 Tui
I2025-07-26T12:17:06.517076:blink/blinkenlights.c:976:52770 loaded program image.bin
000000400000-000001403fff   16m   1% rwx image.bin
4fffff800000-4fffffffffff 8192k   1% rwx [stack]
I2025-07-26T12:17:06.518156:blink/blinkenlights.c:785:52770 TuiRejuvinate
I2025-07-26T12:20:07.918169:blink/blinkenlights.c:3487:53665 Tui
I2025-07-26T12:20:07.918354:blink/blinkenlights.c:976:53665 loaded program image.bin
000000400000-000001403fff   16m   1% rwx image.bin
4fffff800000-4fffffffffff 8192k   1% rwx [stack]
I2025-07-26T12:20:07.918422:blink/blinkenlights.c:785:53665 TuiRejuvinate
I2025-07-26T12:20:10.926298:blink/blinkenlights.c:3581:52770 TUI EXIT
I2025-07-26T12:20:10.926457:blink/blinkenlights.c:854:52770 TuiCleanup
I2025-07-26T12:20:10.926528:blink/blinkenlights.c:846:52770 TtyRestore
I2025-07-26T12:20:10.933539:blink/blinkenlights.c:846:0 TtyRestore
I2025-07-26T12:22:43.730727:blink/blinkenlights.c:3581:53665 TUI EXIT
I2025-07-26T12:22:43.730838:blink/blinkenlights.c:854:53665 TuiCleanup
I2025-07-26T12:22:43.730867:blink/blinkenlights.c:846:53665 TtyRestore
I2025-07-26T12:22:43.733648:blink/blinkenlights.c:846:0 TtyRestore
I2025-07-26T12:22:56.405494:blink/blinkenlights.c:3487:58964 Tui
I2025-07-26T12:22:56.405673:blink/blinkenlights.c:976:58964 loaded program image.bin
000000400000-000001403fff   16m   1% rwx image.bin
4fffff800000-4fffffffffff 8192k   1% rwx [stack]
I2025-07-26T12:22:56.405775:blink/blinkenlights.c:785:58964 TuiRejuvinate
I2025-07-26T13:27:01.202543:blink/blinkenlights.c:3281:58964 ReadKeyboard interrupted
I2025-07-26T13:27:01.204264:blink/blinkenlights.c:3557:58964 TUI INT
I2025-07-26T13:27:02.213746:blink/blinkenlights.c:3281:58964 ReadKeyboard interrupted
I2025-07-26T13:27:02.451773:blink/blinkenlights.c:3581:58964 TUI EXIT
I2025-07-26T13:27:02.452077:blink/blinkenlights.c:854:58964 TuiCleanup
I2025-07-26T13:27:02.452159:blink/blinkenlights.c:846:58964 TtyRestore
I2025-07-26T13:27:02.460104:blink/blinkenlights.c:846:0 TtyRestore
